[13:32:20.253][info] [#0:/home/shaun/.local/share/nvim/mason/packages/lua-language-server/libexec/main.lua:66]: Lua Lsp startup, root: 	/home/shaun/.local/share/nvim/mason/packages/lua-language-server/libexec
[13:32:20.253][info] [#0:/home/shaun/.local/share/nvim/mason/packages/lua-language-server/libexec/main.lua:67]: ROOT:	/home/shaun/.local/share/nvim/mason/packages/lua-language-server/libexec
[13:32:20.253][info] [#0:/home/shaun/.local/share/nvim/mason/packages/lua-language-server/libexec/main.lua:68]: LOGPATH:	/home/shaun/.local/share/nvim/mason/packages/lua-language-server/libexec/log
[13:32:20.253][info] [#0:/home/shaun/.local/share/nvim/mason/packages/lua-language-server/libexec/main.lua:69]: METAPATH:	/home/shaun/.local/share/nvim/mason/packages/lua-language-server/libexec/meta
[13:32:20.253][info] [#0:/home/shaun/.local/share/nvim/mason/packages/lua-language-server/libexec/main.lua:70]: VERSION:	3.6.23
[13:32:20.274][info] [#0:script/service/service.lua:144]: 
========= Medical Examination Report =========
    --------------- Memory ---------------
        Total: 1.319 MB
        # 00 : 1.319 MB
        # 01 : 0.000 MB
        # 02 : 0.000 MB
        # 03 : 0.000 MB
        # 04 : 0.000 MB
    --------------- Coroutine ---------------
        Total:     0
        Running:   0
        Suspended: 0
        Normal:    0
        Dead:      0
    --------------- Cache ---------------
        Total: 1
        Dead:  0
    ---------------  RPC  ---------------
        Holdon:   0
        Waiting:  0
==============================================
[13:32:20.277][info] [#0:script/client.lua:657]: Client init	{
  capabilities = {
    textDocument = {
      callHierarchy = {
        dynamicRegistration = false
      },
      codeAction = {
        codeActionLiteralSupport = {
          codeActionKind = {
            valueSet = { "", "quickfix", "refactor", "refactor.extract", "refactor.inline", "refactor.rewrite", "source", "source.organizeImports" }
          }
        },
        dataSupport = true,
        dynamicRegistration = false,
        isPreferredSupport = true,
        resolveSupport = {
          properties = { "edit" }
        }
      },
      completion = {
        completionItem = {
          commitCharactersSupport = true,
          deprecatedSupport = true,
          documentationFormat = { "markdown", "plaintext" },
          insertReplaceSupport = true,
          insertTextModeSupport = {
            valueSet = { 1, 2 }
          },
          labelDetailsSupport = true,
          preselectSupport = true,
          resolveSupport = {
            properties = { "documentation", "detail", "additionalTextEdits", "sortText", "filterText", "insertText", "textEdit", "insertTextFormat", "insertTextMode" }
          },
          snippetSupport = true,
          tagSupport = {
            valueSet = { 1 }
          }
        },
        completionItemKind = {
          valueSet = { 1, 2, 3, 4, 5, 6, 7, 8, 9, 10, 11, 12, 13, 14, 15, 16, 17, 18, 19, 20, 21, 22, 23, 24, 25 }
        },
        completionList = {
          itemDefaults = { "commitCharacters", "editRange", "insertTextFormat", "insertTextMode", "data" }
        },
        contextSupport = true,
        dynamicRegistration = false,
        insertTextMode = 1
      },
      declaration = {
        linkSupport = true
      },
      definition = {
        linkSupport = true
      },
      documentHighlight = {
        dynamicRegistration = false
      },
      documentSymbol = {
        dynamicRegistration = false,
        hierarchicalDocumentSymbolSupport = true,
        symbolKind = {
          valueSet = { 1, 2, 3, 4, 5, 6, 7, 8, 9, 10, 11, 12, 13, 14, 15, 16, 17, 18, 19, 20, 21, 22, 23, 24, 25, 26 }
        }
      },
      hover = {
        contentFormat = { "markdown", "plaintext" },
        dynamicRegistration = false
      },
      implementation = {
        linkSupport = true
      },
      publishDiagnostics = {
        relatedInformation = true,
        tagSupport = {
          valueSet = { 1, 2 }
        }
      },
      references = {
        dynamicRegistration = false
      },
      rename = {
        dynamicRegistration = false,
        prepareSupport = true
      },
      semanticTokens = {
        augmentsSyntaxTokens = true,
        dynamicRegistration = false,
        formats = { "relative" },
        multilineTokenSupport = false,
        overlappingTokenSupport = true,
        requests = {
          full = {
            delta = true
          },
          range = false
        },
        serverCancelSupport = false,
        tokenModifiers = { "declaration", "definition", "readonly", "static", "deprecated", "abstract", "async", "modification", "documentation", "defaultLibrary" },
        tokenTypes = { "namespace", "type", "class", "enum", "interface", "struct", "typeParameter", "parameter", "variable", "property", "enumMember", "event", "function", "method", "macro", "keyword", "modifier", "comment", "string", "number", "regexp", "operator", "decorator" }
      },
      signatureHelp = {
        dynamicRegistration = false,
        signatureInformation = {
          activeParameterSupport = true,
          documentationFormat = { "markdown", "plaintext" },
          parameterInformation = {
            labelOffsetSupport = true
          }
        }
      },
      synchronization = {
        didSave = true,
        dynamicRegistration = false,
        willSave = true,
        willSaveWaitUntil = true
      },
      typeDefinition = {
        linkSupport = true
      }
    },
    window = {
      showDocument = {
        support = true
      },
      showMessage = {
        messageActionItem = {
          additionalPropertiesSupport = false
        }
      },
      workDoneProgress = true
    },
    workspace = {
      applyEdit = true,
      configuration = true,
      didChangeWatchedFiles = {
        dynamicRegistration = false,
        relativePatternSupport = true
      },
      semanticTokens = {
        refreshSupport = true
      },
      symbol = {
        dynamicRegistration = false,
        hierarchicalWorkspaceSymbolSupport = true,
        symbolKind = {
          valueSet = { 1, 2, 3, 4, 5, 6, 7, 8, 9, 10, 11, 12, 13, 14, 15, 16, 17, 18, 19, 20, 21, 22, 23, 24, 25, 26 }
        }
      },
      workspaceEdit = {
        resourceOperations = { "rename", "create", "delete" }
      },
      workspaceFolders = true
    }
  },
  clientInfo = {
    name = "Neovim",
    version = "0.9.4"
  },
  initializationOptions = {},
  processId = 515517,
  rootPath = "/home/shaun/.local/share/nvim/lazy/lazy.nvim",
  rootUri = "file:///home/shaun/.local/share/nvim/lazy/lazy.nvim",
  trace = "off",
  workspaceFolders = { {
      name = "/home/shaun/.local/share/nvim/lazy/lazy.nvim",
      uri = "file:///home/shaun/.local/share/nvim/lazy/lazy.nvim"
    } }
}
[13:32:20.277][info] [#0:script/language.lua:137]: VSC language: nil
[13:32:20.277][info] [#0:script/language.lua:138]: LS  language: en-us
[13:32:20.277][info] [#0:script/workspace/workspace.lua:38]: Workspace init root: 	file:///home/shaun/.local/share/nvim/lazy/lazy.nvim
[13:32:20.277][info] [#0:script/workspace/workspace.lua:42]: Log path: 	/home/shaun/.local/share/nvim/mason/packages/lua-language-server/libexec/log/file_home_shaun_.local_share_nvim_lazy_lazy.nvim.log
[13:32:20.277][info] [#0:script/workspace/workspace.lua:48]: Workspace create: 	file:///home/shaun/.local/share/nvim/lazy/lazy.nvim
[13:32:20.379][info] [#0:script/provider/provider.lua:46]: Load config from client	file:///home/shaun/.local/share/nvim/lazy/lazy.nvim
[13:32:20.379][info] [#0:script/provider/provider.lua:47]: {
  Lua = {
    runtime = {
      path = { "?.lua", "?/init.lua" },
      pathStrict = true,
      version = "LuaJIT"
    },
    telemetry = {
      enable = false
    },
    workspace = {
      checkThirdParty = false,
      ignoreDir = { "types/nightly", "lua" },
      library = { "/home/shaun/.local/share/nvim/lazy/neodev.nvim/types/stable", "/usr/share/nvim/runtime/lua", "/home/shaun/.local/share/nvim/lazy/lazy.nvim/lua" }
    }
  }
}
[13:32:20.379][info] [#0:script/provider/provider.lua:46]: Load config from client	file:///home/shaun/.local/share/nvim/lazy/lazy.nvim
[13:32:20.379][info] [#0:script/provider/provider.lua:47]: {
  Lua = {
    runtime = {
      path = { "?.lua", "?/init.lua" },
      pathStrict = true,
      version = "LuaJIT"
    },
    telemetry = {
      enable = false
    },
    workspace = {
      checkThirdParty = false,
      ignoreDir = { "types/nightly", "lua" },
      library = { "/home/shaun/.local/share/nvim/lazy/neodev.nvim/types/stable", "/usr/share/nvim/runtime/lua", "/home/shaun/.local/share/nvim/lazy/lazy.nvim/lua" }
    }
  }
}
[13:32:20.379][info] [#0:script/provider/provider.lua:46]: Load config from client	file:///home/shaun/.local/share/nvim/lazy/lazy.nvim
[13:32:20.379][info] [#0:script/provider/provider.lua:47]: {
  Lua = {
    runtime = {
      path = { "?.lua", "?/init.lua" },
      pathStrict = true,
      version = "LuaJIT"
    },
    telemetry = {
      enable = false
    },
    workspace = {
      checkThirdParty = false,
      ignoreDir = { "types/nightly", "lua" },
      library = { "/home/shaun/.local/share/nvim/lazy/neodev.nvim/types/stable", "/usr/share/nvim/runtime/lua", "/home/shaun/.local/share/nvim/lazy/lazy.nvim/lua" }
    }
  }
}
[13:32:20.379][info] [#0:script/provider/provider.lua:61]: Load config from client	fallback
[13:32:20.379][info] [#0:script/provider/provider.lua:62]: {
  Lua = {
    runtime = {
      path = { "?.lua", "?/init.lua" },
      pathStrict = true,
      version = "LuaJIT"
    },
    telemetry = {
      enable = false
    },
    workspace = {
      checkThirdParty = false,
      ignoreDir = { "types/nightly", "lua" },
      library = { "/home/shaun/.local/share/nvim/lazy/neodev.nvim/types/stable", "/usr/share/nvim/runtime/lua", "/home/shaun/.local/share/nvim/lazy/lazy.nvim/lua" }
    }
  }
}
[13:32:20.379][info] [#0:script/library.lua:212]: Init builtin library at:	file:///home/shaun/.local/share/nvim/lazy/lazy.nvim
[13:32:20.395][info] [#0:script/plugin.lua:86]: plugin path:	/home/shaun/.local/share/nvim/lazy/lazy.nvim
[13:32:20.395][warn] [#0:script/plugin.lua:101]: plugin not found:	/home/shaun/.local/share/nvim/lazy/lazy.nvim
[13:32:20.395][info] [#0:script/library.lua:212]: Init builtin library at:	nil
[13:32:20.403][info] [#0:script/provider/provider.lua:61]: Load config from client	fallback
[13:32:20.403][info] [#0:script/provider/provider.lua:62]: {
  Lua = {
    runtime = {
      path = { "?.lua", "?/init.lua" },
      pathStrict = true,
      version = "LuaJIT"
    },
    telemetry = {
      enable = false
    },
    workspace = {
      checkThirdParty = false,
      ignoreDir = { "types/nightly", "lua" },
      library = { "/home/shaun/.local/share/nvim/lazy/neodev.nvim/types/stable", "/usr/share/nvim/runtime/lua", "/home/shaun/.local/share/nvim/lazy/lazy.nvim/lua" }
    }
  }
}
[13:32:20.403][info] [#0:script/provider/provider.lua:61]: Load config from client	fallback
[13:32:20.403][info] [#0:script/provider/provider.lua:62]: {
  Lua = {
    runtime = {
      path = { "?.lua", "?/init.lua" },
      pathStrict = true,
      version = "LuaJIT"
    },
    telemetry = {
      enable = false
    },
    workspace = {
      checkThirdParty = false,
      ignoreDir = { "types/nightly", "lua" },
      library = { "/home/shaun/.local/share/nvim/lazy/neodev.nvim/types/stable", "/usr/share/nvim/runtime/lua", "/home/shaun/.local/share/nvim/lazy/lazy.nvim/lua" }
    }
  }
}
[13:32:20.504][info] [#0:script/workspace/workspace.lua:322]: Preload start:	file:///home/shaun/.local/share/nvim/lazy/lazy.nvim
[13:32:20.506][info] [#0:script/workspace/workspace.lua:328]: Scan files at:	file:///home/shaun/.local/share/nvim/lazy/lazy.nvim
[13:32:20.508][info] [#0:script/workspace/workspace.lua:322]: Preload start:	<fallback>
[13:32:20.512][info] [#0:script/workspace/workspace.lua:351]: Scan library at:	file:///home/shaun/.local/share/nvim/mason/packages/lua-language-server/libexec/meta/LuaJIT%20en-us%20utf8/basic.lua
[13:32:20.512][info] [#0:script/workspace/workspace.lua:351]: Scan library at:	file:///home/shaun/.local/share/nvim/mason/packages/lua-language-server/libexec/meta/LuaJIT%20en-us%20utf8/jit/profile.lua
[13:32:20.513][info] [#0:script/workspace/workspace.lua:351]: Scan library at:	file:///home/shaun/.local/share/nvim/mason/packages/lua-language-server/libexec/meta/LuaJIT%20en-us%20utf8/coroutine.lua
[13:32:20.513][info] [#0:script/workspace/workspace.lua:351]: Scan library at:	file:///home/shaun/.local/share/nvim/mason/packages/lua-language-server/libexec/meta/LuaJIT%20en-us%20utf8/io.lua
[13:32:20.513][info] [#0:script/workspace/workspace.lua:351]: Scan library at:	file:///home/shaun/.local/share/nvim/mason/packages/lua-language-server/libexec/meta/LuaJIT%20en-us%20utf8/jit.lua
[13:32:20.513][info] [#0:script/workspace/workspace.lua:351]: Scan library at:	file:///home/shaun/.local/share/nvim/mason/packages/lua-language-server/libexec/meta/LuaJIT%20en-us%20utf8/table.lua
[13:32:20.513][info] [#0:script/workspace/workspace.lua:351]: Scan library at:	file:///home/shaun/.local/share/nvim/mason/packages/lua-language-server/libexec/meta/LuaJIT%20en-us%20utf8/table/clear.lua
[13:32:20.513][info] [#0:script/workspace/workspace.lua:351]: Scan library at:	file:///home/shaun/.local/share/nvim/mason/packages/lua-language-server/libexec/meta/LuaJIT%20en-us%20utf8/ffi.lua
[13:32:20.513][info] [#0:script/workspace/workspace.lua:351]: Scan library at:	file:///home/shaun/.local/share/nvim/mason/packages/lua-language-server/libexec/meta/LuaJIT%20en-us%20utf8/bit.lua
[13:32:20.513][info] [#0:script/workspace/workspace.lua:351]: Scan library at:	file:///home/shaun/.local/share/nvim/mason/packages/lua-language-server/libexec/meta/LuaJIT%20en-us%20utf8/debug.lua
[13:32:20.514][info] [#0:script/workspace/workspace.lua:351]: Scan library at:	file:///home/shaun/.local/share/nvim/mason/packages/lua-language-server/libexec/meta/LuaJIT%20en-us%20utf8/table/new.lua
[13:32:20.514][info] [#0:script/workspace/workspace.lua:351]: Scan library at:	file:///home/shaun/.local/share/nvim/mason/packages/lua-language-server/libexec/meta/LuaJIT%20en-us%20utf8/string.lua
[13:32:20.514][info] [#0:script/workspace/workspace.lua:351]: Scan library at:	file:///home/shaun/.local/share/nvim/mason/packages/lua-language-server/libexec/meta/LuaJIT%20en-us%20utf8/string/buffer.lua
[13:32:20.514][info] [#0:script/workspace/workspace.lua:351]: Scan library at:	file:///home/shaun/.local/share/nvim/mason/packages/lua-language-server/libexec/meta/LuaJIT%20en-us%20utf8/math.lua
[13:32:20.514][info] [#0:script/workspace/workspace.lua:351]: Scan library at:	file:///home/shaun/.local/share/nvim/mason/packages/lua-language-server/libexec/meta/LuaJIT%20en-us%20utf8/os.lua
[13:32:20.514][info] [#0:script/workspace/workspace.lua:351]: Scan library at:	file:///home/shaun/.local/share/nvim/mason/packages/lua-language-server/libexec/meta/LuaJIT%20en-us%20utf8/jit/util.lua
[13:32:20.514][info] [#0:script/workspace/workspace.lua:351]: Scan library at:	file:///home/shaun/.local/share/nvim/lazy/neodev.nvim/types/stable
[13:32:20.515][info] [#0:script/workspace/workspace.lua:351]: Scan library at:	file:///home/shaun/.local/share/nvim/mason/packages/lua-language-server/libexec/meta/LuaJIT%20en-us%20utf8/basic.lua
[13:32:20.515][info] [#0:script/workspace/workspace.lua:351]: Scan library at:	file:///home/shaun/.local/share/nvim/mason/packages/lua-language-server/libexec/meta/LuaJIT%20en-us%20utf8/jit/profile.lua
[13:32:20.515][info] [#0:script/workspace/workspace.lua:351]: Scan library at:	file:///home/shaun/.local/share/nvim/mason/packages/lua-language-server/libexec/meta/LuaJIT%20en-us%20utf8/coroutine.lua
[13:32:20.515][info] [#0:script/workspace/workspace.lua:351]: Scan library at:	file:///home/shaun/.local/share/nvim/mason/packages/lua-language-server/libexec/meta/LuaJIT%20en-us%20utf8/io.lua
[13:32:20.515][info] [#0:script/workspace/workspace.lua:351]: Scan library at:	file:///home/shaun/.local/share/nvim/mason/packages/lua-language-server/libexec/meta/LuaJIT%20en-us%20utf8/jit.lua
[13:32:20.516][info] [#0:script/workspace/workspace.lua:351]: Scan library at:	file:///home/shaun/.local/share/nvim/lazy/lazy.nvim/lua
[13:32:20.516][info] [#0:script/workspace/workspace.lua:351]: Scan library at:	file:///home/shaun/.local/share/nvim/mason/packages/lua-language-server/libexec/meta/LuaJIT%20en-us%20utf8/table.lua
[13:32:20.516][info] [#0:script/workspace/workspace.lua:351]: Scan library at:	file:///home/shaun/.local/share/nvim/mason/packages/lua-language-server/libexec/meta/LuaJIT%20en-us%20utf8/table/clear.lua
[13:32:20.516][info] [#0:script/workspace/workspace.lua:351]: Scan library at:	file:///home/shaun/.local/share/nvim/mason/packages/lua-language-server/libexec/meta/LuaJIT%20en-us%20utf8/ffi.lua
[13:32:20.516][info] [#0:script/workspace/workspace.lua:351]: Scan library at:	file:///home/shaun/.local/share/nvim/mason/packages/lua-language-server/libexec/meta/LuaJIT%20en-us%20utf8/bit.lua
[13:32:20.516][info] [#0:script/workspace/workspace.lua:351]: Scan library at:	file:///home/shaun/.local/share/nvim/mason/packages/lua-language-server/libexec/meta/LuaJIT%20en-us%20utf8/debug.lua
[13:32:20.516][info] [#0:script/workspace/workspace.lua:351]: Scan library at:	file:///home/shaun/.local/share/nvim/mason/packages/lua-language-server/libexec/meta/LuaJIT%20en-us%20utf8/table/new.lua
[13:32:20.517][info] [#0:script/workspace/workspace.lua:351]: Scan library at:	file:///home/shaun/.local/share/nvim/mason/packages/lua-language-server/libexec/meta/LuaJIT%20en-us%20utf8/string.lua
[13:32:20.517][info] [#0:script/workspace/workspace.lua:351]: Scan library at:	file:///home/shaun/.local/share/nvim/mason/packages/lua-language-server/libexec/meta/LuaJIT%20en-us%20utf8/string/buffer.lua
[13:32:20.517][info] [#0:script/workspace/workspace.lua:351]: Scan library at:	file:///home/shaun/.local/share/nvim/mason/packages/lua-language-server/libexec/meta/LuaJIT%20en-us%20utf8/math.lua
[13:32:20.517][info] [#0:script/workspace/workspace.lua:351]: Scan library at:	file:///home/shaun/.local/share/nvim/mason/packages/lua-language-server/libexec/meta/LuaJIT%20en-us%20utf8/os.lua
[13:32:20.517][info] [#0:script/workspace/workspace.lua:351]: Scan library at:	file:///home/shaun/.local/share/nvim/mason/packages/lua-language-server/libexec/meta/LuaJIT%20en-us%20utf8/jit/util.lua
[13:32:20.517][info] [#0:script/workspace/workspace.lua:351]: Scan library at:	file:///home/shaun/.local/share/nvim/lazy/neodev.nvim/types/stable
[13:32:20.518][info] [#0:script/workspace/workspace.lua:351]: Scan library at:	file:///home/shaun/.local/share/nvim/lazy/lazy.nvim/lua
[13:32:20.519][info] [#0:script/workspace/workspace.lua:351]: Scan library at:	file:///home/shaun/.local/share/nvim/mason/packages/lua-language-server/libexec/meta/LuaJIT%20en-us%20utf8/package.lua
[13:32:20.519][info] [#0:script/workspace/workspace.lua:351]: Scan library at:	file:///usr/share/nvim/runtime/lua
[13:32:20.521][info] [#0:script/workspace/workspace.lua:351]: Scan library at:	file:///home/shaun/.local/share/nvim/mason/packages/lua-language-server/libexec/meta/LuaJIT%20en-us%20utf8/package.lua
[13:32:20.521][info] [#0:script/workspace/workspace.lua:351]: Scan library at:	file:///usr/share/nvim/runtime/lua
[13:32:20.524][info] [#0:script/workspace/workspace.lua:351]: Scan library at:	file:///home/shaun/.local/share/nvim/mason/packages/lua-language-server/libexec/meta/LuaJIT%20en-us%20utf8/builtin.lua
[13:32:20.525][info] [#0:script/workspace/workspace.lua:351]: Scan library at:	file:///home/shaun/.local/share/nvim/mason/packages/lua-language-server/libexec/meta/LuaJIT%20en-us%20utf8/builtin.lua
[13:32:20.625][info] [#0:script/workspace/workspace.lua:377]: Found 123 files at:	<fallback>
[13:32:20.625][info] [#0:script/workspace/loading.lua:161]: Load files from disk:	<fallback>
[13:32:20.625][info] [#0:script/workspace/workspace.lua:377]: Found 133 files at:	file:///home/shaun/.local/share/nvim/lazy/lazy.nvim
[13:32:20.625][info] [#0:script/workspace/loading.lua:161]: Load files from disk:	file:///home/shaun/.local/share/nvim/lazy/lazy.nvim
[13:32:20.626][info] [#0:script/workspace/loading.lua:101]: Preload file at: file:///home/shaun/.local/share/nvim/mason/packages/lua-language-server/libexec/meta/LuaJIT%20en-us%20utf8/builtin.lua , size = 0.302 KB
[13:32:20.627][info] [#0:script/workspace/loading.lua:113]: ++++As library of:	file:///home/shaun/.local/share/nvim/mason/packages/lua-language-server/libexec/meta/LuaJIT%20en-us%20utf8/builtin.lua
[13:32:20.627][info] [#0:script/workspace/loading.lua:98]: Skip loaded file: file:///home/shaun/.local/share/nvim/mason/packages/lua-language-server/libexec/meta/LuaJIT%20en-us%20utf8/builtin.lua
[13:32:20.627][info] [#0:script/workspace/loading.lua:101]: Preload file at: file:///usr/share/nvim/runtime/lua/man.lua , size = 25.082 KB
[13:32:20.643][info] [#0:script/workspace/loading.lua:113]: ++++As library of:	file:///usr/share/nvim/runtime/lua
[13:32:20.643][info] [#0:script/workspace/loading.lua:98]: Skip loaded file: file:///usr/share/nvim/runtime/lua/man.lua
[13:32:20.643][info] [#0:script/workspace/loading.lua:101]: Preload file at: file:///usr/share/nvim/runtime/lua/editorconfig.lua , size = 7.479 KB
[13:32:20.647][info] [#0:script/workspace/loading.lua:113]: ++++As library of:	file:///usr/share/nvim/runtime/lua
[13:32:20.647][info] [#0:script/workspace/loading.lua:98]: Skip loaded file: file:///usr/share/nvim/runtime/lua/editorconfig.lua
[13:32:20.647][info] [#0:script/workspace/loading.lua:101]: Preload file at: file:///usr/share/nvim/runtime/lua/_vim9script.lua , size = 15.439 KB
[13:32:20.655][info] [#0:script/workspace/loading.lua:113]: ++++As library of:	file:///usr/share/nvim/runtime/lua
[13:32:20.655][info] [#0:script/workspace/loading.lua:98]: Skip loaded file: file:///usr/share/nvim/runtime/lua/_vim9script.lua
[13:32:20.655][info] [#0:script/workspace/loading.lua:101]: Preload file at: file:///usr/share/nvim/runtime/lua/nvim/health.lua , size = 12.706 KB
[13:32:20.664][info] [#0:script/workspace/loading.lua:113]: ++++As library of:	file:///usr/share/nvim/runtime/lua
[13:32:20.664][info] [#0:script/workspace/loading.lua:98]: Skip loaded file: file:///usr/share/nvim/runtime/lua/nvim/health.lua
[13:32:20.664][info] [#0:script/workspace/loading.lua:101]: Preload file at: file:///usr/share/nvim/runtime/lua/vim/highlight.lua , size = 3.749 KB
[13:32:20.666][info] [#0:script/workspace/loading.lua:113]: ++++As library of:	file:///usr/share/nvim/runtime/lua
[13:32:20.666][info] [#0:script/workspace/loading.lua:98]: Skip loaded file: file:///usr/share/nvim/runtime/lua/vim/highlight.lua
[13:32:20.666][info] [#0:script/workspace/loading.lua:101]: Preload file at: file:///usr/share/nvim/runtime/lua/vim/_editor.lua , size = 29.364 KB
[13:32:20.682][info] [#0:script/workspace/loading.lua:113]: ++++As library of:	file:///usr/share/nvim/runtime/lua
[13:32:20.682][info] [#0:script/workspace/loading.lua:98]: Skip loaded file: file:///usr/share/nvim/runtime/lua/vim/_editor.lua
[13:32:20.682][info] [#0:script/workspace/loading.lua:101]: Preload file at: file:///usr/share/nvim/runtime/lua/vim/ui.lua , size = 3.672 KB
[13:32:20.684][info] [#0:script/workspace/loading.lua:113]: ++++As library of:	file:///usr/share/nvim/runtime/lua
[13:32:20.684][info] [#0:script/workspace/loading.lua:98]: Skip loaded file: file:///usr/share/nvim/runtime/lua/vim/ui.lua
[13:32:20.684][info] [#0:script/workspace/loading.lua:101]: Preload file at: file:///usr/share/nvim/runtime/lua/vim/treesitter.lua , size = 15.225 KB
[13:32:20.695][info] [#0:script/workspace/loading.lua:113]: ++++As library of:	file:///usr/share/nvim/runtime/lua
[13:32:20.695][info] [#0:script/workspace/loading.lua:98]: Skip loaded file: file:///usr/share/nvim/runtime/lua/vim/treesitter.lua
[13:32:20.695][info] [#0:script/workspace/loading.lua:101]: Preload file at: file:///usr/share/nvim/runtime/lua/vim/secure.lua , size = 4.830 KB
[13:32:20.697][info] [#0:script/workspace/loading.lua:113]: ++++As library of:	file:///usr/share/nvim/runtime/lua
[13:32:20.697][info] [#0:script/workspace/loading.lua:98]: Skip loaded file: file:///usr/share/nvim/runtime/lua/vim/secure.lua
[13:32:20.697][info] [#0:script/workspace/loading.lua:101]: Preload file at: file:///usr/share/nvim/runtime/lua/vim/filetype.lua , size = 74.400 KB
[13:32:20.738][info] [#0:script/workspace/loading.lua:113]: ++++As library of:	file:///usr/share/nvim/runtime/lua
[13:32:20.738][info] [#0:script/workspace/loading.lua:98]: Skip loaded file: file:///usr/share/nvim/runtime/lua/vim/filetype.lua
[13:32:20.738][info] [#0:script/workspace/loading.lua:101]: Preload file at: file:///usr/share/nvim/runtime/lua/vim/version.lua , size = 12.146 KB
[13:32:20.744][info] [#0:script/workspace/loading.lua:113]: ++++As library of:	file:///usr/share/nvim/runtime/lua
[13:32:20.744][info] [#0:script/workspace/loading.lua:98]: Skip loaded file: file:///usr/share/nvim/runtime/lua/vim/version.lua
[13:32:20.744][info] [#0:script/workspace/loading.lua:101]: Preload file at: file:///usr/share/nvim/runtime/lua/vim/diagnostic.lua , size = 56.640 KB
[13:32:20.768][info] [#0:script/workspace/loading.lua:113]: ++++As library of:	file:///usr/share/nvim/runtime/lua
[13:32:20.768][info] [#0:script/workspace/loading.lua:98]: Skip loaded file: file:///usr/share/nvim/runtime/lua/vim/diagnostic.lua
[13:32:20.768][info] [#0:script/workspace/loading.lua:101]: Preload file at: file:///usr/share/nvim/runtime/lua/vim/keymap.lua , size = 3.573 KB
[13:32:20.769][info] [#0:script/workspace/loading.lua:113]: ++++As library of:	file:///usr/share/nvim/runtime/lua
[13:32:20.770][info] [#0:script/workspace/loading.lua:98]: Skip loaded file: file:///usr/share/nvim/runtime/lua/vim/keymap.lua
[13:32:20.770][info] [#0:script/workspace/loading.lua:101]: Preload file at: file:///usr/share/nvim/runtime/lua/vim/shared.lua , size = 22.292 KB
[13:32:20.780][info] [#0:script/workspace/loading.lua:113]: ++++As library of:	file:///usr/share/nvim/runtime/lua
[13:32:20.780][info] [#0:script/workspace/loading.lua:98]: Skip loaded file: file:///usr/share/nvim/runtime/lua/vim/shared.lua
[13:32:20.780][info] [#0:script/workspace/loading.lua:101]: Preload file at: file:///usr/share/nvim/runtime/lua/vim/inspect.lua , size = 8.864 KB
[13:32:20.785][info] [#0:script/workspace/loading.lua:113]: ++++As library of:	file:///usr/share/nvim/runtime/lua
[13:32:20.786][info] [#0:script/workspace/loading.lua:98]: Skip loaded file: file:///usr/share/nvim/runtime/lua/vim/inspect.lua
[13:32:20.786][info] [#0:script/workspace/loading.lua:101]: Preload file at: file:///usr/share/nvim/runtime/lua/vim/_init_packages.lua , size = 2.773 KB
[13:32:20.787][info] [#0:script/workspace/loading.lua:113]: ++++As library of:	file:///usr/share/nvim/runtime/lua
[13:32:20.787][info] [#0:script/workspace/loading.lua:98]: Skip loaded file: file:///usr/share/nvim/runtime/lua/vim/_init_packages.lua
[13:32:20.787][info] [#0:script/workspace/loading.lua:101]: Preload file at: file:///usr/share/nvim/runtime/lua/vim/treesitter/query.lua , size = 21.253 KB
[13:32:20.797][info] [#0:script/workspace/loading.lua:113]: ++++As library of:	file:///usr/share/nvim/runtime/lua
[13:32:20.797][info] [#0:script/workspace/loading.lua:101]: Preload file at: file:///usr/share/nvim/runtime/lua/vim/treesitter/_fold.lua , size = 8.207 KB
[13:32:20.810][info] [#0:script/workspace/loading.lua:113]: ++++As library of:	file:///usr/share/nvim/runtime/lua
[13:32:20.810][info] [#0:script/workspace/loading.lua:98]: Skip loaded file: file:///usr/share/nvim/runtime/lua/vim/treesitter/query.lua
[13:32:20.810][info] [#0:script/workspace/loading.lua:101]: Preload file at: file:///usr/share/nvim/runtime/lua/vim/treesitter/_meta.lua , size = 2.839 KB
[13:32:20.812][info] [#0:script/workspace/loading.lua:113]: ++++As library of:	file:///usr/share/nvim/runtime/lua
[13:32:20.812][info] [#0:script/workspace/loading.lua:98]: Skip loaded file: file:///usr/share/nvim/runtime/lua/vim/treesitter/_fold.lua
[13:32:20.812][info] [#0:script/workspace/loading.lua:98]: Skip loaded file: file:///usr/share/nvim/runtime/lua/vim/treesitter/_meta.lua
[13:32:20.812][info] [#0:script/workspace/loading.lua:101]: Preload file at: file:///usr/share/nvim/runtime/lua/vim/treesitter/highlighter.lua , size = 8.781 KB
[13:32:20.817][info] [#0:script/workspace/loading.lua:113]: ++++As library of:	file:///usr/share/nvim/runtime/lua
[13:32:20.817][info] [#0:script/workspace/loading.lua:98]: Skip loaded file: file:///usr/share/nvim/runtime/lua/vim/treesitter/highlighter.lua
[13:32:20.817][info] [#0:script/workspace/loading.lua:101]: Preload file at: file:///usr/share/nvim/runtime/lua/vim/treesitter/languagetree.lua , size = 27.647 KB
[13:32:20.830][info] [#0:script/workspace/loading.lua:113]: ++++As library of:	file:///usr/share/nvim/runtime/lua
[13:32:20.830][info] [#0:script/workspace/loading.lua:101]: Preload file at: file:///usr/share/nvim/runtime/lua/vim/treesitter/playground.lua , size = 12.562 KB
[13:32:20.836][info] [#0:script/workspace/loading.lua:113]: ++++As library of:	file:///usr/share/nvim/runtime/lua
[13:32:20.836][info] [#0:script/workspace/loading.lua:98]: Skip loaded file: file:///usr/share/nvim/runtime/lua/vim/treesitter/languagetree.lua
[13:32:20.836][info] [#0:script/workspace/loading.lua:101]: Preload file at: file:///usr/share/nvim/runtime/lua/vim/treesitter/health.lua , size = 0.888 KB
[13:32:20.837][info] [#0:script/workspace/loading.lua:113]: ++++As library of:	file:///usr/share/nvim/runtime/lua
[13:32:20.837][info] [#0:script/workspace/loading.lua:98]: Skip loaded file: file:///usr/share/nvim/runtime/lua/vim/treesitter/playground.lua
[13:32:20.837][info] [#0:script/workspace/loading.lua:98]: Skip loaded file: file:///usr/share/nvim/runtime/lua/vim/treesitter/health.lua
[13:32:20.837][info] [#0:script/workspace/loading.lua:101]: Preload file at: file:///usr/share/nvim/runtime/lua/vim/treesitter/language.lua , size = 3.558 KB
[13:32:20.839][info] [#0:script/workspace/loading.lua:113]: ++++As library of:	file:///usr/share/nvim/runtime/lua
[13:32:20.839][info] [#0:script/workspace/loading.lua:98]: Skip loaded file: file:///usr/share/nvim/runtime/lua/vim/treesitter/language.lua
[13:32:20.839][info] [#0:script/workspace/loading.lua:101]: Preload file at: file:///usr/share/nvim/runtime/lua/vim/treesitter/_range.lua , size = 3.646 KB
[13:32:20.842][info] [#0:script/workspace/loading.lua:113]: ++++As library of:	file:///usr/share/nvim/runtime/lua
[13:32:20.842][info] [#0:script/workspace/loading.lua:98]: Skip loaded file: file:///usr/share/nvim/runtime/lua/vim/treesitter/_range.lua
[13:32:20.842][info] [#0:script/workspace/loading.lua:101]: Preload file at: file:///usr/share/nvim/runtime/lua/vim/_options.lua , size = 12.261 KB
[13:32:20.848][info] [#0:script/workspace/loading.lua:113]: ++++As library of:	file:///usr/share/nvim/runtime/lua
[13:32:20.848][info] [#0:script/workspace/loading.lua:98]: Skip loaded file: file:///usr/share/nvim/runtime/lua/vim/_options.lua
[13:32:20.848][info] [#0:script/workspace/loading.lua:101]: Preload file at: file:///usr/share/nvim/runtime/lua/vim/filetype/detect.lua , size = 47.659 KB
[13:32:20.869][info] [#0:script/workspace/loading.lua:113]: ++++As library of:	file:///usr/share/nvim/runtime/lua
[13:32:20.869][info] [#0:script/workspace/loading.lua:101]: Preload file at: file:///usr/share/nvim/runtime/lua/vim/filetype/options.lua , size = 2.561 KB
[13:32:20.871][info] [#0:script/workspace/loading.lua:113]: ++++As library of:	file:///usr/share/nvim/runtime/lua
[13:32:20.871][info] [#0:script/workspace/loading.lua:98]: Skip loaded file: file:///usr/share/nvim/runtime/lua/vim/filetype/options.lua
[13:32:20.871][info] [#0:script/workspace/loading.lua:101]: Preload file at: file:///usr/share/nvim/runtime/lua/vim/uri.lua , size = 3.376 KB
[13:32:20.873][info] [#0:script/workspace/loading.lua:113]: ++++As library of:	file:///usr/share/nvim/runtime/lua
[13:32:20.873][info] [#0:script/workspace/loading.lua:98]: Skip loaded file: file:///usr/share/nvim/runtime/lua/vim/filetype/detect.lua
[13:32:20.873][info] [#0:script/workspace/loading.lua:98]: Skip loaded file: file:///usr/share/nvim/runtime/lua/vim/uri.lua
[13:32:20.873][info] [#0:script/workspace/loading.lua:101]: Preload file at: file:///usr/share/nvim/runtime/lua/vim/F.lua , size = 0.824 KB
[13:32:20.873][info] [#0:script/workspace/loading.lua:113]: ++++As library of:	file:///usr/share/nvim/runtime/lua
[13:32:20.873][info] [#0:script/workspace/loading.lua:98]: Skip loaded file: file:///usr/share/nvim/runtime/lua/vim/F.lua
[13:32:20.873][info] [#0:script/workspace/loading.lua:101]: Preload file at: file:///usr/share/nvim/runtime/lua/vim/lsp/tagfunc.lua , size = 2.339 KB
[13:32:20.875][info] [#0:script/workspace/loading.lua:113]: ++++As library of:	file:///usr/share/nvim/runtime/lua
[13:32:20.875][info] [#0:script/workspace/loading.lua:98]: Skip loaded file: file:///usr/share/nvim/runtime/lua/vim/lsp/tagfunc.lua
[13:32:20.875][info] [#0:script/workspace/loading.lua:101]: Preload file at: file:///usr/share/nvim/runtime/lua/vim/lsp/log.lua , size = 5.151 KB
[13:32:20.878][info] [#0:script/workspace/loading.lua:113]: ++++As library of:	file:///usr/share/nvim/runtime/lua
[13:32:20.878][info] [#0:script/workspace/loading.lua:98]: Skip loaded file: file:///usr/share/nvim/runtime/lua/vim/lsp/log.lua
[13:32:20.878][info] [#0:script/workspace/loading.lua:101]: Preload file at: file:///usr/share/nvim/runtime/lua/vim/lsp/buf.lua , size = 27.969 KB
[13:32:20.890][info] [#0:script/workspace/loading.lua:113]: ++++As library of:	file:///usr/share/nvim/runtime/lua
[13:32:20.907][info] [#0:script/workspace/loading.lua:98]: Skip loaded file: file:///usr/share/nvim/runtime/lua/vim/lsp/buf.lua
[13:32:20.907][info] [#0:script/workspace/loading.lua:101]: Preload file at: file:///usr/share/nvim/runtime/lua/vim/lsp/diagnostic.lua , size = 8.867 KB
[13:32:20.915][info] [#0:script/workspace/loading.lua:113]: ++++As library of:	file:///usr/share/nvim/runtime/lua
[13:32:20.915][info] [#0:script/workspace/loading.lua:98]: Skip loaded file: file:///usr/share/nvim/runtime/lua/vim/lsp/diagnostic.lua
[13:32:20.915][info] [#0:script/workspace/loading.lua:101]: Preload file at: file:///usr/share/nvim/runtime/lua/vim/lsp/types.lua , size = 0.924 KB
[13:32:20.915][info] [#0:script/workspace/loading.lua:113]: ++++As library of:	file:///usr/share/nvim/runtime/lua
[13:32:20.916][info] [#0:script/workspace/loading.lua:98]: Skip loaded file: file:///usr/share/nvim/runtime/lua/vim/lsp/types.lua
[13:32:20.916][info] [#0:script/workspace/loading.lua:101]: Preload file at: file:///usr/share/nvim/runtime/lua/vim/lsp/util.lua , size = 70.764 KB
[13:32:20.944][info] [#0:script/workspace/loading.lua:113]: ++++As library of:	file:///usr/share/nvim/runtime/lua
[13:32:20.944][info] [#0:script/workspace/loading.lua:98]: Skip loaded file: file:///usr/share/nvim/runtime/lua/vim/lsp/util.lua
[13:32:20.944][info] [#0:script/workspace/loading.lua:101]: Preload file at: file:///usr/share/nvim/runtime/lua/vim/lsp/protocol.lua , size = 28.367 KB
[13:32:20.949][info] [#0:script/workspace/loading.lua:113]: ++++As library of:	file:///usr/share/nvim/runtime/lua
[13:32:20.949][info] [#0:script/workspace/loading.lua:98]: Skip loaded file: file:///usr/share/nvim/runtime/lua/vim/lsp/protocol.lua
[13:32:20.949][info] [#0:script/workspace/loading.lua:101]: Preload file at: file:///usr/share/nvim/runtime/lua/vim/lsp/rpc.lua , size = 23.695 KB
[13:32:20.960][info] [#0:script/workspace/loading.lua:113]: ++++As library of:	file:///usr/share/nvim/runtime/lua
[13:32:20.960][info] [#0:script/workspace/loading.lua:101]: Preload file at: file:///usr/share/nvim/runtime/lua/vim/lsp/sync.lua , size = 15.681 KB
[13:32:20.965][info] [#0:script/workspace/loading.lua:113]: ++++As library of:	file:///usr/share/nvim/runtime/lua
[13:32:20.965][info] [#0:script/workspace/loading.lua:98]: Skip loaded file: file:///usr/share/nvim/runtime/lua/vim/lsp/rpc.lua
[13:32:20.965][info] [#0:script/workspace/loading.lua:98]: Skip loaded file: file:///usr/share/nvim/runtime/lua/vim/lsp/sync.lua
[13:32:20.965][info] [#0:script/workspace/loading.lua:101]: Preload file at: file:///usr/share/nvim/runtime/lua/vim/lsp/_watchfiles.lua , size = 9.692 KB
[13:32:20.970][info] [#0:script/workspace/loading.lua:113]: ++++As library of:	file:///usr/share/nvim/runtime/lua
[13:32:20.970][info] [#0:script/workspace/loading.lua:98]: Skip loaded file: file:///usr/share/nvim/runtime/lua/vim/lsp/_watchfiles.lua
[13:32:20.970][info] [#0:script/workspace/loading.lua:101]: Preload file at: file:///usr/share/nvim/runtime/lua/vim/lsp/codelens.lua , size = 8.554 KB
[13:32:20.975][info] [#0:script/workspace/loading.lua:113]: ++++As library of:	file:///usr/share/nvim/runtime/lua
[13:32:20.975][info] [#0:script/workspace/loading.lua:98]: Skip loaded file: file:///usr/share/nvim/runtime/lua/vim/lsp/codelens.lua
[13:32:20.975][info] [#0:script/workspace/loading.lua:101]: Preload file at: file:///usr/share/nvim/runtime/lua/vim/lsp/handlers.lua , size = 23.587 KB
[13:32:20.984][info] [#0:script/workspace/loading.lua:113]: ++++As library of:	file:///usr/share/nvim/runtime/lua
[13:32:20.984][info] [#0:script/workspace/loading.lua:98]: Skip loaded file: file:///usr/share/nvim/runtime/lua/vim/lsp/handlers.lua
[13:32:20.984][info] [#0:script/workspace/loading.lua:101]: Preload file at: file:///usr/share/nvim/runtime/lua/vim/lsp/_snippet.lua , size = 10.744 KB
[13:32:20.991][info] [#0:script/workspace/loading.lua:113]: ++++As library of:	file:///usr/share/nvim/runtime/lua
[13:32:20.991][info] [#0:script/workspace/loading.lua:101]: Preload file at: file:///usr/share/nvim/runtime/lua/vim/lsp/health.lua , size = 1.240 KB
[13:32:20.992][info] [#0:script/workspace/loading.lua:113]: ++++As library of:	file:///usr/share/nvim/runtime/lua
[13:32:20.992][info] [#0:script/workspace/loading.lua:98]: Skip loaded file: file:///usr/share/nvim/runtime/lua/vim/lsp/_snippet.lua
[13:32:20.992][info] [#0:script/workspace/loading.lua:98]: Skip loaded file: file:///usr/share/nvim/runtime/lua/vim/lsp/health.lua
[13:32:20.992][info] [#0:script/workspace/loading.lua:101]: Preload file at: file:///usr/share/nvim/runtime/lua/vim/lsp/semantic_tokens.lua , size = 25.936 KB
[13:32:21.003][info] [#0:script/workspace/loading.lua:113]: ++++As library of:	file:///usr/share/nvim/runtime/lua
[13:32:21.004][info] [#0:script/workspace/loading.lua:98]: Skip loaded file: file:///usr/share/nvim/runtime/lua/vim/lsp/semantic_tokens.lua
[13:32:21.004][info] [#0:script/workspace/loading.lua:101]: Preload file at: file:///usr/share/nvim/runtime/lua/vim/fs.lua , size = 10.702 KB
[13:32:21.009][info] [#0:script/workspace/loading.lua:113]: ++++As library of:	file:///usr/share/nvim/runtime/lua
[13:32:21.009][info] [#0:script/workspace/loading.lua:98]: Skip loaded file: file:///usr/share/nvim/runtime/lua/vim/fs.lua
[13:32:21.009][info] [#0:script/workspace/loading.lua:101]: Preload file at: file:///usr/share/nvim/runtime/lua/vim/loader.lua , size = 16.182 KB
[13:32:21.018][info] [#0:script/workspace/loading.lua:113]: ++++As library of:	file:///usr/share/nvim/runtime/lua
[13:32:21.018][info] [#0:script/workspace/loading.lua:98]: Skip loaded file: file:///usr/share/nvim/runtime/lua/vim/loader.lua
[13:32:21.018][info] [#0:script/workspace/loading.lua:101]: Preload file at: file:///usr/share/nvim/runtime/lua/vim/_inspector.lua , size = 7.915 KB
[13:32:21.022][info] [#0:script/workspace/loading.lua:113]: ++++As library of:	file:///usr/share/nvim/runtime/lua
[13:32:21.023][info] [#0:script/workspace/loading.lua:98]: Skip loaded file: file:///usr/share/nvim/runtime/lua/vim/_inspector.lua
[13:32:21.023][info] [#0:script/workspace/loading.lua:101]: Preload file at: file:///usr/share/nvim/runtime/lua/vim/_watch.lua , size = 5.387 KB
[13:32:21.025][info] [#0:script/workspace/loading.lua:113]: ++++As library of:	file:///usr/share/nvim/runtime/lua
[13:32:21.025][info] [#0:script/workspace/loading.lua:98]: Skip loaded file: file:///usr/share/nvim/runtime/lua/vim/_watch.lua
[13:32:21.025][info] [#0:script/workspace/loading.lua:101]: Preload file at: file:///usr/share/nvim/runtime/lua/vim/lsp.lua , size = 82.377 KB
[13:32:21.074][info] [#0:script/workspace/loading.lua:113]: ++++As library of:	file:///usr/share/nvim/runtime/lua
[13:32:21.074][info] [#0:script/workspace/loading.lua:98]: Skip loaded file: file:///usr/share/nvim/runtime/lua/vim/lsp.lua
[13:32:21.074][info] [#0:script/workspace/loading.lua:101]: Preload file at: file:///usr/share/nvim/runtime/lua/vim/health.lua , size = 1.782 KB
[13:32:21.075][info] [#0:script/workspace/loading.lua:113]: ++++As library of:	file:///usr/share/nvim/runtime/lua
[13:32:21.075][info] [#0:script/workspace/loading.lua:98]: Skip loaded file: file:///usr/share/nvim/runtime/lua/vim/health.lua
[13:32:21.075][info] [#0:script/workspace/loading.lua:101]: Preload file at: file:///home/shaun/.local/share/nvim/mason/packages/lua-language-server/libexec/meta/LuaJIT%20en-us%20utf8/package.lua , size = 2.699 KB
[13:32:21.076][info] [#0:script/workspace/loading.lua:113]: ++++As library of:	file:///home/shaun/.local/share/nvim/mason/packages/lua-language-server/libexec/meta/LuaJIT%20en-us%20utf8/package.lua
[13:32:21.076][info] [#0:script/workspace/loading.lua:89]: Skip loaded file: file:///home/shaun/.local/share/nvim/mason/packages/lua-language-server/libexec/meta/LuaJIT%20en-us%20utf8/package.lua
[13:32:21.076][info] [#0:script/workspace/loading.lua:113]: ++++As library of:	file:///home/shaun/.local/share/nvim/mason/packages/lua-language-server/libexec/meta/LuaJIT%20en-us%20utf8/package.lua
[13:32:21.076][info] [#0:script/workspace/loading.lua:101]: Preload file at: file:///home/shaun/.local/share/nvim/lazy/lazy.nvim/lua/lazy/example.lua , size = 2.643 KB
[13:32:21.077][info] [#0:script/workspace/loading.lua:113]: ++++As library of:	file:///home/shaun/.local/share/nvim/lazy/lazy.nvim/lua
[13:32:21.077][info] [#0:script/workspace/loading.lua:98]: Skip loaded file: file:///home/shaun/.local/share/nvim/lazy/lazy.nvim/lua/lazy/example.lua
[13:32:21.077][info] [#0:script/workspace/loading.lua:101]: Preload file at: file:///home/shaun/.local/share/nvim/lazy/lazy.nvim/lua/lazy/types.lua , size = 2.743 KB
[13:32:21.079][info] [#0:script/workspace/loading.lua:113]: ++++As library of:	file:///home/shaun/.local/share/nvim/lazy/lazy.nvim/lua
[13:32:21.079][info] [#0:script/workspace/loading.lua:98]: Skip loaded file: file:///home/shaun/.local/share/nvim/lazy/lazy.nvim/lua/lazy/types.lua
[13:32:21.079][info] [#0:script/workspace/loading.lua:101]: Preload file at: file:///home/shaun/.local/share/nvim/lazy/lazy.nvim/lua/lazy/util.lua , size = 5.625 KB
[13:32:21.083][info] [#0:script/workspace/loading.lua:113]: ++++As library of:	file:///home/shaun/.local/share/nvim/lazy/lazy.nvim/lua
[13:32:21.083][info] [#0:script/workspace/loading.lua:98]: Skip loaded file: file:///home/shaun/.local/share/nvim/lazy/lazy.nvim/lua/lazy/util.lua
[13:32:21.083][info] [#0:script/workspace/loading.lua:101]: Preload file at: file:///home/shaun/.local/share/nvim/lazy/lazy.nvim/lua/lazy/stats.lua , size = 2.068 KB
[13:32:21.084][info] [#0:script/workspace/loading.lua:113]: ++++As library of:	file:///home/shaun/.local/share/nvim/lazy/lazy.nvim/lua
[13:32:21.084][info] [#0:script/workspace/loading.lua:98]: Skip loaded file: file:///home/shaun/.local/share/nvim/lazy/lazy.nvim/lua/lazy/stats.lua
[13:32:21.084][info] [#0:script/workspace/loading.lua:101]: Preload file at: file:///home/shaun/.local/share/nvim/lazy/lazy.nvim/lua/lazy/view/commands.lua , size = 3.332 KB
[13:32:21.086][info] [#0:script/workspace/loading.lua:113]: ++++As library of:	file:///home/shaun/.local/share/nvim/lazy/lazy.nvim/lua
[13:32:21.086][info] [#0:script/workspace/loading.lua:98]: Skip loaded file: file:///home/shaun/.local/share/nvim/lazy/lazy.nvim/lua/lazy/view/commands.lua
[13:32:21.086][info] [#0:script/workspace/loading.lua:101]: Preload file at: file:///home/shaun/.local/share/nvim/lazy/lazy.nvim/lua/lazy/view/render.lua , size = 20.704 KB
[13:32:21.099][info] [#0:script/workspace/loading.lua:113]: ++++As library of:	file:///home/shaun/.local/share/nvim/lazy/lazy.nvim/lua
[13:32:21.099][info] [#0:script/workspace/loading.lua:98]: Skip loaded file: file:///home/shaun/.local/share/nvim/lazy/lazy.nvim/lua/lazy/view/render.lua
[13:32:21.099][info] [#0:script/workspace/loading.lua:101]: Preload file at: file:///home/shaun/.local/share/nvim/lazy/lazy.nvim/lua/lazy/view/float.lua , size = 6.936 KB
[13:32:21.104][info] [#0:script/workspace/loading.lua:113]: ++++As library of:	file:///home/shaun/.local/share/nvim/lazy/lazy.nvim/lua
[13:32:21.104][info] [#0:script/workspace/loading.lua:98]: Skip loaded file: file:///home/shaun/.local/share/nvim/lazy/lazy.nvim/lua/lazy/view/float.lua
[13:32:21.104][info] [#0:script/workspace/loading.lua:101]: Preload file at: file:///home/shaun/.local/share/nvim/lazy/lazy.nvim/lua/lazy/view/init.lua , size = 7.404 KB
[13:32:21.109][info] [#0:script/workspace/loading.lua:113]: ++++As library of:	file:///home/shaun/.local/share/nvim/lazy/lazy.nvim/lua
[13:32:21.109][info] [#0:script/workspace/loading.lua:98]: Skip loaded file: file:///home/shaun/.local/share/nvim/lazy/lazy.nvim/lua/lazy/view/init.lua
[13:32:21.109][info] [#0:script/workspace/loading.lua:101]: Preload file at: file:///home/shaun/.local/share/nvim/lazy/lazy.nvim/lua/lazy/view/colors.lua , size = 1.495 KB
[13:32:21.110][info] [#0:script/workspace/loading.lua:113]: ++++As library of:	file:///home/shaun/.local/share/nvim/lazy/lazy.nvim/lua
[13:32:21.110][info] [#0:script/workspace/loading.lua:98]: Skip loaded file: file:///home/shaun/.local/share/nvim/lazy/lazy.nvim/lua/lazy/view/colors.lua
[13:32:21.110][info] [#0:script/workspace/loading.lua:101]: Preload file at: file:///home/shaun/.local/share/nvim/lazy/lazy.nvim/lua/lazy/view/diff.lua , size = 1.585 KB
[13:32:21.111][info] [#0:script/workspace/loading.lua:113]: ++++As library of:	file:///home/shaun/.local/share/nvim/lazy/lazy.nvim/lua
[13:32:21.111][info] [#0:script/workspace/loading.lua:98]: Skip loaded file: file:///home/shaun/.local/share/nvim/lazy/lazy.nvim/lua/lazy/view/diff.lua
[13:32:21.111][info] [#0:script/workspace/loading.lua:101]: Preload file at: file:///home/shaun/.local/share/nvim/lazy/lazy.nvim/lua/lazy/view/text.lua , size = 3.820 KB
[13:32:21.114][info] [#0:script/workspace/loading.lua:113]: ++++As library of:	file:///home/shaun/.local/share/nvim/lazy/lazy.nvim/lua
[13:32:21.114][info] [#0:script/workspace/loading.lua:89]: Skip loaded file: file:///home/shaun/.local/share/nvim/lazy/lazy.nvim/lua/lazy/view/text.lua
[13:32:21.114][info] [#0:script/workspace/loading.lua:113]: ++++As library of:	file:///home/shaun/.local/share/nvim/lazy/lazy.nvim/lua
[13:32:21.114][info] [#0:script/workspace/loading.lua:101]: Preload file at: file:///home/shaun/.local/share/nvim/lazy/lazy.nvim/lua/lazy/view/config.lua , size = 3.462 KB
[13:32:21.116][info] [#0:script/workspace/loading.lua:113]: ++++As library of:	file:///home/shaun/.local/share/nvim/lazy/lazy.nvim/lua
[13:32:21.116][info] [#0:script/workspace/loading.lua:98]: Skip loaded file: file:///home/shaun/.local/share/nvim/lazy/lazy.nvim/lua/lazy/view/config.lua
[13:32:21.116][info] [#0:script/workspace/loading.lua:101]: Preload file at: file:///home/shaun/.local/share/nvim/lazy/lazy.nvim/lua/lazy/view/sections.lua , size = 2.250 KB
[13:32:21.117][info] [#0:script/workspace/loading.lua:113]: ++++As library of:	file:///home/shaun/.local/share/nvim/lazy/lazy.nvim/lua
[13:32:21.117][info] [#0:script/workspace/loading.lua:98]: Skip loaded file: file:///home/shaun/.local/share/nvim/lazy/lazy.nvim/lua/lazy/view/sections.lua
[13:32:21.117][info] [#0:script/workspace/loading.lua:101]: Preload file at: file:///home/shaun/.local/share/nvim/lazy/lazy.nvim/lua/lazy/manage/lock.lua , size = 1.810 KB
[13:32:21.119][info] [#0:script/workspace/loading.lua:113]: ++++As library of:	file:///home/shaun/.local/share/nvim/lazy/lazy.nvim/lua
[13:32:21.119][info] [#0:script/workspace/loading.lua:98]: Skip loaded file: file:///home/shaun/.local/share/nvim/lazy/lazy.nvim/lua/lazy/manage/lock.lua
[13:32:21.119][info] [#0:script/workspace/loading.lua:101]: Preload file at: file:///home/shaun/.local/share/nvim/lazy/lazy.nvim/lua/lazy/manage/process.lua , size = 3.842 KB
[13:32:21.122][info] [#0:script/workspace/loading.lua:113]: ++++As library of:	file:///home/shaun/.local/share/nvim/lazy/lazy.nvim/lua
[13:32:21.122][info] [#0:script/workspace/loading.lua:98]: Skip loaded file: file:///home/shaun/.local/share/nvim/lazy/lazy.nvim/lua/lazy/manage/process.lua
[13:32:21.122][info] [#0:script/workspace/loading.lua:101]: Preload file at: file:///home/shaun/.local/share/nvim/lazy/lazy.nvim/lua/lazy/manage/checker.lua , size = 2.306 KB
[13:32:21.123][info] [#0:script/workspace/loading.lua:113]: ++++As library of:	file:///home/shaun/.local/share/nvim/lazy/lazy.nvim/lua
[13:32:21.123][info] [#0:script/workspace/loading.lua:98]: Skip loaded file: file:///home/shaun/.local/share/nvim/lazy/lazy.nvim/lua/lazy/manage/checker.lua
[13:32:21.124][info] [#0:script/workspace/loading.lua:101]: Preload file at: file:///home/shaun/.local/share/nvim/lazy/lazy.nvim/lua/lazy/manage/git.lua , size = 6.040 KB
[13:32:21.127][info] [#0:script/workspace/loading.lua:113]: ++++As library of:	file:///home/shaun/.local/share/nvim/lazy/lazy.nvim/lua
[13:32:21.128][info] [#0:script/workspace/loading.lua:98]: Skip loaded file: file:///home/shaun/.local/share/nvim/lazy/lazy.nvim/lua/lazy/manage/git.lua
[13:32:21.128][info] [#0:script/workspace/loading.lua:101]: Preload file at: file:///home/shaun/.local/share/nvim/lazy/lazy.nvim/lua/lazy/manage/init.lua , size = 5.445 KB
[13:32:21.131][info] [#0:script/workspace/loading.lua:113]: ++++As library of:	file:///home/shaun/.local/share/nvim/lazy/lazy.nvim/lua
[13:32:21.131][info] [#0:script/workspace/loading.lua:98]: Skip loaded file: file:///home/shaun/.local/share/nvim/lazy/lazy.nvim/lua/lazy/manage/init.lua
[13:32:21.131][info] [#0:script/workspace/loading.lua:101]: Preload file at: file:///home/shaun/.local/share/nvim/lazy/lazy.nvim/lua/lazy/manage/reloader.lua , size = 2.451 KB
[13:32:21.133][info] [#0:script/workspace/loading.lua:113]: ++++As library of:	file:///home/shaun/.local/share/nvim/lazy/lazy.nvim/lua
[13:32:21.133][info] [#0:script/workspace/loading.lua:98]: Skip loaded file: file:///home/shaun/.local/share/nvim/lazy/lazy.nvim/lua/lazy/manage/reloader.lua
[13:32:21.133][info] [#0:script/workspace/loading.lua:101]: Preload file at: file:///home/shaun/.local/share/nvim/lazy/lazy.nvim/lua/lazy/manage/task/plugin.lua , size = 1.508 KB
[13:32:21.135][info] [#0:script/workspace/loading.lua:113]: ++++As library of:	file:///home/shaun/.local/share/nvim/lazy/lazy.nvim/lua
[13:32:21.135][info] [#0:script/workspace/loading.lua:98]: Skip loaded file: file:///home/shaun/.local/share/nvim/lazy/lazy.nvim/lua/lazy/manage/task/plugin.lua
[13:32:21.135][info] [#0:script/workspace/loading.lua:101]: Preload file at: file:///home/shaun/.local/share/nvim/lazy/lazy.nvim/lua/lazy/manage/task/git.lua , size = 6.532 KB
[13:32:21.138][info] [#0:script/workspace/loading.lua:113]: ++++As library of:	file:///home/shaun/.local/share/nvim/lazy/lazy.nvim/lua
[13:32:21.138][info] [#0:script/workspace/loading.lua:98]: Skip loaded file: file:///home/shaun/.local/share/nvim/lazy/lazy.nvim/lua/lazy/manage/task/git.lua
[13:32:21.138][info] [#0:script/workspace/loading.lua:101]: Preload file at: file:///home/shaun/.local/share/nvim/lazy/lazy.nvim/lua/lazy/manage/task/fs.lua , size = 0.740 KB
[13:32:21.139][info] [#0:script/workspace/loading.lua:113]: ++++As library of:	file:///home/shaun/.local/share/nvim/lazy/lazy.nvim/lua
[13:32:21.139][info] [#0:script/workspace/loading.lua:98]: Skip loaded file: file:///home/shaun/.local/share/nvim/lazy/lazy.nvim/lua/lazy/manage/task/fs.lua
[13:32:21.139][info] [#0:script/workspace/loading.lua:101]: Preload file at: file:///home/shaun/.local/share/nvim/lazy/lazy.nvim/lua/lazy/manage/task/init.lua , size = 3.822 KB
[13:32:21.142][info] [#0:script/workspace/loading.lua:113]: ++++As library of:	file:///home/shaun/.local/share/nvim/lazy/lazy.nvim/lua
[13:32:21.142][info] [#0:script/workspace/loading.lua:98]: Skip loaded file: file:///home/shaun/.local/share/nvim/lazy/lazy.nvim/lua/lazy/manage/task/init.lua
[13:32:21.142][info] [#0:script/workspace/loading.lua:101]: Preload file at: file:///home/shaun/.local/share/nvim/lazy/lazy.nvim/lua/lazy/manage/runner.lua , size = 3.957 KB
[13:32:21.145][info] [#0:script/workspace/loading.lua:113]: ++++As library of:	file:///home/shaun/.local/share/nvim/lazy/lazy.nvim/lua
[13:32:21.145][info] [#0:script/workspace/loading.lua:89]: Skip loaded file: file:///home/shaun/.local/share/nvim/lazy/lazy.nvim/lua/lazy/manage/runner.lua
[13:32:21.145][info] [#0:script/workspace/loading.lua:113]: ++++As library of:	file:///home/shaun/.local/share/nvim/lazy/lazy.nvim/lua
[13:32:21.145][info] [#0:script/workspace/loading.lua:89]: Skip loaded file: file:///home/shaun/.local/share/nvim/lazy/lazy.nvim/lua/lazy/init.lua
[13:32:21.145][info] [#0:script/workspace/loading.lua:113]: ++++As library of:	file:///home/shaun/.local/share/nvim/lazy/lazy.nvim/lua
[13:32:21.145][info] [#0:script/workspace/loading.lua:101]: Preload file at: file:///home/shaun/.local/share/nvim/lazy/lazy.nvim/lua/lazy/manage/semver.lua , size = 4.409 KB
[13:32:21.149][info] [#0:script/workspace/loading.lua:113]: ++++As library of:	file:///home/shaun/.local/share/nvim/lazy/lazy.nvim/lua
[13:32:21.149][info] [#0:script/workspace/loading.lua:98]: Skip loaded file: file:///home/shaun/.local/share/nvim/lazy/lazy.nvim/lua/lazy/manage/semver.lua
[13:32:21.149][info] [#0:script/workspace/loading.lua:89]: Skip loaded file: file:///home/shaun/.local/share/nvim/lazy/lazy.nvim/lua/lazy/init.lua
[13:32:21.149][info] [#0:script/workspace/loading.lua:113]: ++++As library of:	file:///home/shaun/.local/share/nvim/lazy/lazy.nvim/lua
[13:32:21.149][info] [#0:script/workspace/loading.lua:101]: Preload file at: file:///home/shaun/.local/share/nvim/lazy/lazy.nvim/lua/lazy/docs.lua , size = 4.453 KB
[13:32:21.152][info] [#0:script/workspace/loading.lua:113]: ++++As library of:	file:///home/shaun/.local/share/nvim/lazy/lazy.nvim/lua
[13:32:21.152][info] [#0:script/workspace/loading.lua:98]: Skip loaded file: file:///home/shaun/.local/share/nvim/lazy/lazy.nvim/lua/lazy/docs.lua
[13:32:21.152][info] [#0:script/workspace/loading.lua:101]: Preload file at: file:///home/shaun/.local/share/nvim/lazy/lazy.nvim/lua/lazy/core/handler/cmd.lua , size = 1.546 KB
[13:32:21.153][info] [#0:script/workspace/loading.lua:113]: ++++As library of:	file:///home/shaun/.local/share/nvim/lazy/lazy.nvim/lua
[13:32:21.153][info] [#0:script/workspace/loading.lua:98]: Skip loaded file: file:///home/shaun/.local/share/nvim/lazy/lazy.nvim/lua/lazy/core/handler/cmd.lua
[13:32:21.153][info] [#0:script/workspace/loading.lua:101]: Preload file at: file:///home/shaun/.local/share/nvim/lazy/lazy.nvim/lua/lazy/core/handler/event.lua , size = 2.612 KB
[13:32:21.155][info] [#0:script/workspace/loading.lua:113]: ++++As library of:	file:///home/shaun/.local/share/nvim/lazy/lazy.nvim/lua
[13:32:21.155][info] [#0:script/workspace/loading.lua:98]: Skip loaded file: file:///home/shaun/.local/share/nvim/lazy/lazy.nvim/lua/lazy/core/handler/event.lua
[13:32:21.155][info] [#0:script/workspace/loading.lua:101]: Preload file at: file:///home/shaun/.local/share/nvim/lazy/lazy.nvim/lua/lazy/core/handler/keys.lua , size = 2.360 KB
[13:32:21.157][info] [#0:script/workspace/loading.lua:113]: ++++As library of:	file:///home/shaun/.local/share/nvim/lazy/lazy.nvim/lua
[13:32:21.157][info] [#0:script/workspace/loading.lua:98]: Skip loaded file: file:///home/shaun/.local/share/nvim/lazy/lazy.nvim/lua/lazy/core/handler/keys.lua
[13:32:21.157][info] [#0:script/workspace/loading.lua:101]: Preload file at: file:///home/shaun/.local/share/nvim/lazy/lazy.nvim/lua/lazy/core/handler/init.lua , size = 2.373 KB
[13:32:21.159][info] [#0:script/workspace/loading.lua:113]: ++++As library of:	file:///home/shaun/.local/share/nvim/lazy/lazy.nvim/lua
[13:32:21.159][info] [#0:script/workspace/loading.lua:98]: Skip loaded file: file:///home/shaun/.local/share/nvim/lazy/lazy.nvim/lua/lazy/core/handler/init.lua
[13:32:21.159][info] [#0:script/workspace/loading.lua:101]: Preload file at: file:///home/shaun/.local/share/nvim/lazy/lazy.nvim/lua/lazy/core/handler/ft.lua , size = 0.984 KB
[13:32:21.160][info] [#0:script/workspace/loading.lua:113]: ++++As library of:	file:///home/shaun/.local/share/nvim/lazy/lazy.nvim/lua
[13:32:21.160][info] [#0:script/workspace/loading.lua:89]: Skip loaded file: file:///home/shaun/.local/share/nvim/lazy/lazy.nvim/lua/lazy/core/handler/ft.lua
[13:32:21.160][info] [#0:script/workspace/loading.lua:113]: ++++As library of:	file:///home/shaun/.local/share/nvim/lazy/lazy.nvim/lua
[13:32:21.160][info] [#0:script/workspace/loading.lua:101]: Preload file at: file:///home/shaun/.local/share/nvim/lazy/lazy.nvim/lua/lazy/core/util.lua , size = 9.879 KB
[13:32:21.167][info] [#0:script/workspace/loading.lua:113]: ++++As library of:	file:///home/shaun/.local/share/nvim/lazy/lazy.nvim/lua
[13:32:21.167][info] [#0:script/workspace/loading.lua:98]: Skip loaded file: file:///home/shaun/.local/share/nvim/lazy/lazy.nvim/lua/lazy/core/util.lua
[13:32:21.167][info] [#0:script/workspace/loading.lua:101]: Preload file at: file:///home/shaun/.local/share/nvim/lazy/lazy.nvim/lua/lazy/core/cache.lua , size = 16.600 KB
[13:32:21.176][info] [#0:script/workspace/loading.lua:113]: ++++As library of:	file:///home/shaun/.local/share/nvim/lazy/lazy.nvim/lua
[13:32:21.176][info] [#0:script/workspace/loading.lua:98]: Skip loaded file: file:///home/shaun/.local/share/nvim/lazy/lazy.nvim/lua/lazy/core/cache.lua
[13:32:21.176][info] [#0:script/workspace/loading.lua:101]: Preload file at: file:///home/shaun/.local/share/nvim/lazy/lazy.nvim/lua/lazy/core/plugin.lua , size = 13.224 KB
[13:32:21.185][info] [#0:script/workspace/loading.lua:113]: ++++As library of:	file:///home/shaun/.local/share/nvim/lazy/lazy.nvim/lua
[13:32:21.185][info] [#0:script/workspace/loading.lua:98]: Skip loaded file: file:///home/shaun/.local/share/nvim/lazy/lazy.nvim/lua/lazy/core/plugin.lua
[13:32:21.185][info] [#0:script/workspace/loading.lua:101]: Preload file at: file:///home/shaun/.local/share/nvim/lazy/lazy.nvim/lua/lazy/core/loader.lua , size = 13.375 KB
[13:32:21.193][info] [#0:script/workspace/loading.lua:113]: ++++As library of:	file:///home/shaun/.local/share/nvim/lazy/lazy.nvim/lua
[13:32:21.193][info] [#0:script/workspace/loading.lua:89]: Skip loaded file: file:///home/shaun/.local/share/nvim/lazy/lazy.nvim/lua/lazy/core/loader.lua
[13:32:21.193][info] [#0:script/workspace/loading.lua:113]: ++++As library of:	file:///home/shaun/.local/share/nvim/lazy/lazy.nvim/lua
[13:32:21.193][info] [#0:script/workspace/loading.lua:101]: Preload file at: file:///home/shaun/.local/share/nvim/lazy/lazy.nvim/lua/lazy/core/config.lua , size = 7.876 KB
[13:32:21.196][info] [#0:script/workspace/loading.lua:113]: ++++As library of:	file:///home/shaun/.local/share/nvim/lazy/lazy.nvim/lua
[13:32:21.196][info] [#0:script/workspace/loading.lua:98]: Skip loaded file: file:///home/shaun/.local/share/nvim/lazy/lazy.nvim/lua/lazy/core/config.lua
[13:32:21.196][info] [#0:script/workspace/loading.lua:101]: Preload file at: file:///home/shaun/.local/share/nvim/lazy/lazy.nvim/lua/lazy/state.lua , size = 0.859 KB
[13:32:21.197][info] [#0:script/workspace/loading.lua:113]: ++++As library of:	file:///home/shaun/.local/share/nvim/lazy/lazy.nvim/lua
[13:32:21.197][info] [#0:script/workspace/loading.lua:98]: Skip loaded file: file:///home/shaun/.local/share/nvim/lazy/lazy.nvim/lua/lazy/state.lua
[13:32:21.197][info] [#0:script/workspace/loading.lua:101]: Preload file at: file:///home/shaun/.local/share/nvim/lazy/lazy.nvim/lua/lazy/help.lua , size = 2.216 KB
[13:32:21.199][info] [#0:script/workspace/loading.lua:113]: ++++As library of:	file:///home/shaun/.local/share/nvim/lazy/lazy.nvim/lua
[13:32:21.199][info] [#0:script/workspace/loading.lua:98]: Skip loaded file: file:///home/shaun/.local/share/nvim/lazy/lazy.nvim/lua/lazy/help.lua
[13:32:21.199][info] [#0:script/workspace/loading.lua:101]: Preload file at: file:///home/shaun/.local/share/nvim/lazy/lazy.nvim/lua/lazy/status.lua , size = 0.353 KB
[13:32:21.200][info] [#0:script/workspace/loading.lua:113]: ++++As library of:	file:///home/shaun/.local/share/nvim/lazy/lazy.nvim/lua
[13:32:21.200][info] [#0:script/workspace/loading.lua:98]: Skip loaded file: file:///home/shaun/.local/share/nvim/lazy/lazy.nvim/lua/lazy/status.lua
[13:32:21.200][info] [#0:script/workspace/loading.lua:101]: Preload file at: file:///home/shaun/.local/share/nvim/lazy/lazy.nvim/lua/lazy/health.lua , size = 3.314 KB
[13:32:21.202][info] [#0:script/workspace/loading.lua:113]: ++++As library of:	file:///home/shaun/.local/share/nvim/lazy/lazy.nvim/lua
[13:32:21.202][info] [#0:script/workspace/loading.lua:98]: Skip loaded file: file:///home/shaun/.local/share/nvim/lazy/lazy.nvim/lua/lazy/health.lua
[13:32:21.202][info] [#0:script/workspace/loading.lua:101]: Preload file at: file:///home/shaun/.local/share/nvim/lazy/neodev.nvim/types/stable/api.lua , size = 111.802 KB
[13:32:21.260][info] [#0:script/workspace/loading.lua:113]: ++++As library of:	file:///home/shaun/.local/share/nvim/lazy/neodev.nvim/types/stable
[13:32:21.260][info] [#0:script/workspace/loading.lua:89]: Skip loaded file: file:///home/shaun/.local/share/nvim/lazy/neodev.nvim/types/stable/api.lua
[13:32:21.260][info] [#0:script/workspace/loading.lua:113]: ++++As library of:	file:///home/shaun/.local/share/nvim/lazy/neodev.nvim/types/stable
[13:32:21.261][info] [#0:script/workspace/loading.lua:101]: Preload file at: file:///home/shaun/.local/share/nvim/lazy/neodev.nvim/types/stable/options.2.lua , size = 200.272 KB
[13:32:21.323][info] [#0:script/workspace/loading.lua:113]: ++++As library of:	file:///home/shaun/.local/share/nvim/lazy/neodev.nvim/types/stable
[13:32:21.323][info] [#0:script/workspace/loading.lua:98]: Skip loaded file: file:///home/shaun/.local/share/nvim/lazy/neodev.nvim/types/stable/options.2.lua
[13:32:21.323][info] [#0:script/workspace/loading.lua:101]: Preload file at: file:///home/shaun/.local/share/nvim/lazy/neodev.nvim/types/stable/cmd.lua , size = 66.986 KB
[13:32:21.357][info] [#0:script/workspace/loading.lua:113]: ++++As library of:	file:///home/shaun/.local/share/nvim/lazy/neodev.nvim/types/stable
[13:32:21.357][info] [#0:script/workspace/loading.lua:98]: Skip loaded file: file:///home/shaun/.local/share/nvim/lazy/neodev.nvim/types/stable/cmd.lua
[13:32:21.357][info] [#0:script/workspace/loading.lua:101]: Preload file at: file:///home/shaun/.local/share/nvim/lazy/neodev.nvim/types/stable/lpeg.lua , size = 19.978 KB
[13:32:21.363][info] [#0:script/workspace/loading.lua:113]: ++++As library of:	file:///home/shaun/.local/share/nvim/lazy/neodev.nvim/types/stable
[13:32:21.363][info] [#0:script/workspace/loading.lua:98]: Skip loaded file: file:///home/shaun/.local/share/nvim/lazy/neodev.nvim/types/stable/lpeg.lua
[13:32:21.363][info] [#0:script/workspace/loading.lua:101]: Preload file at: file:///home/shaun/.local/share/nvim/lazy/neodev.nvim/types/stable/uv.lua , size = 130.354 KB
[13:32:21.416][info] [#0:script/workspace/loading.lua:113]: ++++As library of:	file:///home/shaun/.local/share/nvim/lazy/neodev.nvim/types/stable
[13:32:21.416][info] [#0:script/workspace/loading.lua:101]: Preload file at: file:///home/shaun/.local/share/nvim/lazy/neodev.nvim/types/stable/alias.lua , size = 0.217 KB
[13:32:21.416][info] [#0:script/workspace/loading.lua:113]: ++++As library of:	file:///home/shaun/.local/share/nvim/lazy/neodev.nvim/types/stable
[13:32:21.416][info] [#0:script/workspace/loading.lua:98]: Skip loaded file: file:///home/shaun/.local/share/nvim/lazy/neodev.nvim/types/stable/uv.lua
[13:32:21.416][info] [#0:script/workspace/loading.lua:98]: Skip loaded file: file:///home/shaun/.local/share/nvim/lazy/neodev.nvim/types/stable/alias.lua
[13:32:21.417][info] [#0:script/workspace/loading.lua:101]: Preload file at: file:///home/shaun/.local/share/nvim/lazy/neodev.nvim/types/stable/vim.fn.lua , size = 202.122 KB
[13:32:21.509][info] [#0:script/workspace/loading.lua:113]: ++++As library of:	file:///home/shaun/.local/share/nvim/lazy/neodev.nvim/types/stable
[13:32:21.509][info] [#0:script/workspace/loading.lua:101]: Preload file at: file:///home/shaun/.local/share/nvim/lazy/neodev.nvim/types/stable/vim.lua , size = 1.169 KB
[13:32:21.510][info] [#0:script/workspace/loading.lua:113]: ++++As library of:	file:///home/shaun/.local/share/nvim/lazy/neodev.nvim/types/stable
[13:32:21.510][info] [#0:script/workspace/loading.lua:98]: Skip loaded file: file:///home/shaun/.local/share/nvim/lazy/neodev.nvim/types/stable/vim.fn.lua
[13:32:21.510][info] [#0:script/workspace/loading.lua:98]: Skip loaded file: file:///home/shaun/.local/share/nvim/lazy/neodev.nvim/types/stable/vim.lua
[13:32:21.510][info] [#0:script/workspace/loading.lua:101]: Preload file at: file:///home/shaun/.local/share/nvim/lazy/neodev.nvim/types/stable/vim.fn.1.lua , size = 163.758 KB
[13:32:21.552][info] [#0:script/workspace/loading.lua:113]: ++++As library of:	file:///home/shaun/.local/share/nvim/lazy/neodev.nvim/types/stable
[13:32:21.552][info] [#0:script/workspace/loading.lua:98]: Skip loaded file: file:///home/shaun/.local/share/nvim/lazy/neodev.nvim/types/stable/vim.fn.1.lua
[13:32:21.552][info] [#0:script/workspace/loading.lua:101]: Preload file at: file:///home/shaun/.local/share/nvim/lazy/neodev.nvim/types/stable/options.1.lua , size = 202.371 KB
[13:32:21.596][info] [#0:script/workspace/loading.lua:113]: ++++As library of:	file:///home/shaun/.local/share/nvim/lazy/neodev.nvim/types/stable
[13:32:21.596][info] [#0:script/workspace/loading.lua:98]: Skip loaded file: file:///home/shaun/.local/share/nvim/lazy/neodev.nvim/types/stable/options.1.lua
[13:32:21.596][info] [#0:script/workspace/loading.lua:101]: Preload file at: file:///home/shaun/.local/share/nvim/lazy/neodev.nvim/types/stable/lua.lua , size = 11.346 KB
[13:32:21.599][info] [#0:script/workspace/loading.lua:113]: ++++As library of:	file:///home/shaun/.local/share/nvim/lazy/neodev.nvim/types/stable
[13:32:21.600][info] [#0:script/workspace/loading.lua:98]: Skip loaded file: file:///home/shaun/.local/share/nvim/lazy/neodev.nvim/types/stable/lua.lua
[13:32:21.600][info] [#0:script/workspace/loading.lua:101]: Preload file at: file:///home/shaun/.local/share/nvim/lazy/neodev.nvim/types/stable/options.lua , size = 200.112 KB
[13:32:21.640][info] [#0:script/workspace/loading.lua:113]: ++++As library of:	file:///home/shaun/.local/share/nvim/lazy/neodev.nvim/types/stable
[13:32:21.640][info] [#0:script/workspace/loading.lua:98]: Skip loaded file: file:///home/shaun/.local/share/nvim/lazy/neodev.nvim/types/stable/options.lua
[13:32:21.640][info] [#0:script/workspace/loading.lua:101]: Preload file at: file:///home/shaun/.local/share/nvim/lazy/neodev.nvim/types/stable/options.3.lua , size = 108.481 KB
[13:32:21.672][info] [#0:script/workspace/loading.lua:113]: ++++As library of:	file:///home/shaun/.local/share/nvim/lazy/neodev.nvim/types/stable
[13:32:21.672][info] [#0:script/workspace/loading.lua:101]: Preload file at: file:///home/shaun/.local/share/nvim/mason/packages/lua-language-server/libexec/meta/LuaJIT%20en-us%20utf8/jit/util.lua , size = 1.984 KB
[13:32:21.674][info] [#0:script/workspace/loading.lua:113]: ++++As library of:	file:///home/shaun/.local/share/nvim/mason/packages/lua-language-server/libexec/meta/LuaJIT%20en-us%20utf8/jit/util.lua
[13:32:21.674][info] [#0:script/workspace/loading.lua:98]: Skip loaded file: file:///home/shaun/.local/share/nvim/lazy/neodev.nvim/types/stable/options.3.lua
[13:32:21.674][info] [#0:script/workspace/loading.lua:98]: Skip loaded file: file:///home/shaun/.local/share/nvim/mason/packages/lua-language-server/libexec/meta/LuaJIT%20en-us%20utf8/jit/util.lua
[13:32:21.674][info] [#0:script/workspace/loading.lua:101]: Preload file at: file:///home/shaun/.local/share/nvim/mason/packages/lua-language-server/libexec/meta/LuaJIT%20en-us%20utf8/os.lua , size = 4.347 KB
[13:32:21.677][info] [#0:script/workspace/loading.lua:113]: ++++As library of:	file:///home/shaun/.local/share/nvim/mason/packages/lua-language-server/libexec/meta/LuaJIT%20en-us%20utf8/os.lua
[13:32:21.677][info] [#0:script/workspace/loading.lua:98]: Skip loaded file: file:///home/shaun/.local/share/nvim/mason/packages/lua-language-server/libexec/meta/LuaJIT%20en-us%20utf8/os.lua
[13:32:21.677][info] [#0:script/workspace/loading.lua:101]: Preload file at: file:///home/shaun/.local/share/nvim/mason/packages/lua-language-server/libexec/meta/LuaJIT%20en-us%20utf8/math.lua , size = 8.133 KB
[13:32:21.681][info] [#0:script/workspace/loading.lua:113]: ++++As library of:	file:///home/shaun/.local/share/nvim/mason/packages/lua-language-server/libexec/meta/LuaJIT%20en-us%20utf8/math.lua
[13:32:21.681][info] [#0:script/workspace/loading.lua:98]: Skip loaded file: file:///home/shaun/.local/share/nvim/mason/packages/lua-language-server/libexec/meta/LuaJIT%20en-us%20utf8/math.lua
[13:32:21.681][info] [#0:script/workspace/loading.lua:101]: Preload file at: file:///home/shaun/.local/share/nvim/mason/packages/lua-language-server/libexec/meta/LuaJIT%20en-us%20utf8/string/buffer.lua , size = 18.123 KB
[13:32:21.685][info] [#0:script/workspace/loading.lua:113]: ++++As library of:	file:///home/shaun/.local/share/nvim/mason/packages/lua-language-server/libexec/meta/LuaJIT%20en-us%20utf8/string/buffer.lua
[13:32:21.685][info] [#0:script/workspace/loading.lua:98]: Skip loaded file: file:///home/shaun/.local/share/nvim/mason/packages/lua-language-server/libexec/meta/LuaJIT%20en-us%20utf8/string/buffer.lua
[13:32:21.685][info] [#0:script/workspace/loading.lua:101]: Preload file at: file:///home/shaun/.local/share/nvim/mason/packages/lua-language-server/libexec/meta/LuaJIT%20en-us%20utf8/string.lua , size = 6.296 KB
[13:32:21.688][info] [#0:script/workspace/loading.lua:113]: ++++As library of:	file:///home/shaun/.local/share/nvim/mason/packages/lua-language-server/libexec/meta/LuaJIT%20en-us%20utf8/string.lua
[13:32:21.688][info] [#0:script/workspace/loading.lua:98]: Skip loaded file: file:///home/shaun/.local/share/nvim/mason/packages/lua-language-server/libexec/meta/LuaJIT%20en-us%20utf8/string.lua
[13:32:21.688][info] [#0:script/workspace/loading.lua:101]: Preload file at: file:///home/shaun/.local/share/nvim/mason/packages/lua-language-server/libexec/meta/LuaJIT%20en-us%20utf8/table/new.lua , size = 0.642 KB
[13:32:21.689][info] [#0:script/workspace/loading.lua:113]: ++++As library of:	file:///home/shaun/.local/share/nvim/mason/packages/lua-language-server/libexec/meta/LuaJIT%20en-us%20utf8/table/new.lua
[13:32:21.689][info] [#0:script/workspace/loading.lua:98]: Skip loaded file: file:///home/shaun/.local/share/nvim/mason/packages/lua-language-server/libexec/meta/LuaJIT%20en-us%20utf8/table/new.lua
[13:32:21.689][info] [#0:script/workspace/loading.lua:101]: Preload file at: file:///home/shaun/.local/share/nvim/mason/packages/lua-language-server/libexec/meta/LuaJIT%20en-us%20utf8/debug.lua , size = 7.310 KB
[13:32:21.693][info] [#0:script/workspace/loading.lua:113]: ++++As library of:	file:///home/shaun/.local/share/nvim/mason/packages/lua-language-server/libexec/meta/LuaJIT%20en-us%20utf8/debug.lua
[13:32:21.693][info] [#0:script/workspace/loading.lua:98]: Skip loaded file: file:///home/shaun/.local/share/nvim/mason/packages/lua-language-server/libexec/meta/LuaJIT%20en-us%20utf8/debug.lua
[13:32:21.693][info] [#0:script/workspace/loading.lua:101]: Preload file at: file:///home/shaun/.local/share/nvim/mason/packages/lua-language-server/libexec/meta/LuaJIT%20en-us%20utf8/bit.lua , size = 1.320 KB
[13:32:21.695][info] [#0:script/workspace/loading.lua:113]: ++++As library of:	file:///home/shaun/.local/share/nvim/mason/packages/lua-language-server/libexec/meta/LuaJIT%20en-us%20utf8/bit.lua
[13:32:21.695][info] [#0:script/workspace/loading.lua:98]: Skip loaded file: file:///home/shaun/.local/share/nvim/mason/packages/lua-language-server/libexec/meta/LuaJIT%20en-us%20utf8/bit.lua
[13:32:21.698][info] [#0:script/workspace/loading.lua:101]: Preload file at: file:///home/shaun/.local/share/nvim/mason/packages/lua-language-server/libexec/meta/LuaJIT%20en-us%20utf8/ffi.lua , size = 2.529 KB
[13:32:21.700][info] [#0:script/workspace/loading.lua:113]: ++++As library of:	file:///home/shaun/.local/share/nvim/mason/packages/lua-language-server/libexec/meta/LuaJIT%20en-us%20utf8/ffi.lua
[13:32:21.700][info] [#0:script/workspace/loading.lua:89]: Skip loaded file: file:///home/shaun/.local/share/nvim/mason/packages/lua-language-server/libexec/meta/LuaJIT%20en-us%20utf8/ffi.lua
[13:32:21.700][info] [#0:script/workspace/loading.lua:113]: ++++As library of:	file:///home/shaun/.local/share/nvim/mason/packages/lua-language-server/libexec/meta/LuaJIT%20en-us%20utf8/ffi.lua
[13:32:21.701][info] [#0:script/workspace/loading.lua:101]: Preload file at: file:///home/shaun/.local/share/nvim/mason/packages/lua-language-server/libexec/meta/LuaJIT%20en-us%20utf8/table/clear.lua , size = 0.797 KB
[13:32:21.701][info] [#0:script/workspace/loading.lua:113]: ++++As library of:	file:///home/shaun/.local/share/nvim/mason/packages/lua-language-server/libexec/meta/LuaJIT%20en-us%20utf8/table/clear.lua
[13:32:21.701][info] [#0:script/workspace/loading.lua:98]: Skip loaded file: file:///home/shaun/.local/share/nvim/mason/packages/lua-language-server/libexec/meta/LuaJIT%20en-us%20utf8/table/clear.lua
[13:32:21.701][info] [#0:script/workspace/loading.lua:101]: Preload file at: file:///home/shaun/.local/share/nvim/mason/packages/lua-language-server/libexec/meta/LuaJIT%20en-us%20utf8/table.lua , size = 4.230 KB
[13:32:21.703][info] [#0:script/workspace/loading.lua:113]: ++++As library of:	file:///home/shaun/.local/share/nvim/mason/packages/lua-language-server/libexec/meta/LuaJIT%20en-us%20utf8/table.lua
[13:32:21.703][info] [#0:script/workspace/loading.lua:98]: Skip loaded file: file:///home/shaun/.local/share/nvim/mason/packages/lua-language-server/libexec/meta/LuaJIT%20en-us%20utf8/table.lua
[13:32:21.703][info] [#0:script/workspace/loading.lua:101]: Preload file at: file:///home/shaun/.local/share/nvim/mason/packages/lua-language-server/libexec/meta/LuaJIT%20en-us%20utf8/jit.lua , size = 0.884 KB
[13:32:21.704][info] [#0:script/workspace/loading.lua:113]: ++++As library of:	file:///home/shaun/.local/share/nvim/mason/packages/lua-language-server/libexec/meta/LuaJIT%20en-us%20utf8/jit.lua
[13:32:21.704][info] [#0:script/workspace/loading.lua:89]: Skip loaded file: file:///home/shaun/.local/share/nvim/mason/packages/lua-language-server/libexec/meta/LuaJIT%20en-us%20utf8/jit.lua
[13:32:21.704][info] [#0:script/workspace/loading.lua:113]: ++++As library of:	file:///home/shaun/.local/share/nvim/mason/packages/lua-language-server/libexec/meta/LuaJIT%20en-us%20utf8/jit.lua
[13:32:21.704][info] [#0:script/workspace/loading.lua:101]: Preload file at: file:///home/shaun/.local/share/nvim/mason/packages/lua-language-server/libexec/meta/LuaJIT%20en-us%20utf8/io.lua , size = 6.364 KB
[13:32:21.708][info] [#0:script/workspace/loading.lua:113]: ++++As library of:	file:///home/shaun/.local/share/nvim/mason/packages/lua-language-server/libexec/meta/LuaJIT%20en-us%20utf8/io.lua
[13:32:21.708][info] [#0:script/workspace/loading.lua:98]: Skip loaded file: file:///home/shaun/.local/share/nvim/mason/packages/lua-language-server/libexec/meta/LuaJIT%20en-us%20utf8/io.lua
[13:32:21.708][info] [#0:script/workspace/loading.lua:101]: Preload file at: file:///home/shaun/.local/share/nvim/mason/packages/lua-language-server/libexec/meta/LuaJIT%20en-us%20utf8/coroutine.lua , size = 2.541 KB
[13:32:21.709][info] [#0:script/workspace/loading.lua:113]: ++++As library of:	file:///home/shaun/.local/share/nvim/mason/packages/lua-language-server/libexec/meta/LuaJIT%20en-us%20utf8/coroutine.lua
[13:32:21.709][info] [#0:script/workspace/loading.lua:98]: Skip loaded file: file:///home/shaun/.local/share/nvim/mason/packages/lua-language-server/libexec/meta/LuaJIT%20en-us%20utf8/coroutine.lua
[13:32:21.709][info] [#0:script/workspace/loading.lua:101]: Preload file at: file:///home/shaun/.local/share/nvim/mason/packages/lua-language-server/libexec/meta/LuaJIT%20en-us%20utf8/jit/profile.lua , size = 0.348 KB
[13:32:21.710][info] [#0:script/workspace/loading.lua:113]: ++++As library of:	file:///home/shaun/.local/share/nvim/mason/packages/lua-language-server/libexec/meta/LuaJIT%20en-us%20utf8/jit/profile.lua
[13:32:21.710][info] [#0:script/workspace/loading.lua:89]: Skip loaded file: file:///home/shaun/.local/share/nvim/mason/packages/lua-language-server/libexec/meta/LuaJIT%20en-us%20utf8/jit/profile.lua
[13:32:21.710][info] [#0:script/workspace/loading.lua:113]: ++++As library of:	file:///home/shaun/.local/share/nvim/mason/packages/lua-language-server/libexec/meta/LuaJIT%20en-us%20utf8/jit/profile.lua
[13:32:21.710][info] [#0:script/workspace/loading.lua:101]: Preload file at: file:///home/shaun/.local/share/nvim/mason/packages/lua-language-server/libexec/meta/LuaJIT%20en-us%20utf8/basic.lua , size = 14.855 KB
[13:32:21.716][info] [#0:script/workspace/loading.lua:113]: ++++As library of:	file:///home/shaun/.local/share/nvim/mason/packages/lua-language-server/libexec/meta/LuaJIT%20en-us%20utf8/basic.lua
[13:32:21.716][info] [#0:script/workspace/loading.lua:98]: Skip loaded file: file:///home/shaun/.local/share/nvim/mason/packages/lua-language-server/libexec/meta/LuaJIT%20en-us%20utf8/basic.lua
[13:32:21.716][info] [#0:script/workspace/loading.lua:101]: Preload file at: file:///home/shaun/.local/share/nvim/lazy/lazy.nvim/tests/helpers.lua , size = 0.745 KB
[13:32:21.717][info] [#0:script/workspace/loading.lua:101]: Preload file at: file:///home/shaun/.local/share/nvim/lazy/lazy.nvim/tests/manage/semver_spec.lua , size = 3.599 KB
[13:32:21.719][info] [#0:script/workspace/loading.lua:101]: Preload file at: file:///home/shaun/.local/share/nvim/lazy/lazy.nvim/tests/manage/task_spec.lua , size = 2.644 KB
[13:32:21.722][info] [#0:script/workspace/loading.lua:101]: Preload file at: file:///home/shaun/.local/share/nvim/lazy/lazy.nvim/tests/manage/runner_spec.lua , size = 2.369 KB
[13:32:21.723][info] [#0:script/workspace/loading.lua:101]: Preload file at: file:///home/shaun/.local/share/nvim/lazy/lazy.nvim/tests/init.lua , size = 0.969 KB
[13:32:21.824][info] [#0:script/workspace/loading.lua:173]: Loaded files takes [1.116] sec: <fallback>
[13:32:21.825][info] [#0:script/workspace/loading.lua:182]: Compile files takes [0.000] sec: <fallback>
[13:32:21.825][info] [#0:script/workspace/loading.lua:183]: Loaded finish:	<fallback>
[13:32:21.825][info] [#0:script/workspace/workspace.lua:379]: Preload finish at:	<fallback>
[13:32:21.833][info] [#0:script/workspace/loading.lua:101]: Preload file at: file:///home/shaun/.local/share/nvim/lazy/lazy.nvim/tests/core/e2e_spec.lua , size = 1.214 KB
[13:32:21.834][info] [#0:script/workspace/loading.lua:101]: Preload file at: file:///home/shaun/.local/share/nvim/lazy/lazy.nvim/tests/core/init_spec.lua , size = 0.224 KB
[13:32:21.835][info] [#0:script/workspace/loading.lua:101]: Preload file at: file:///home/shaun/.local/share/nvim/lazy/lazy.nvim/tests/core/util_spec.lua , size = 3.542 KB
[13:32:21.837][info] [#0:script/workspace/loading.lua:101]: Preload file at: file:///home/shaun/.local/share/nvim/lazy/lazy.nvim/tests/core/plugin_spec.lua , size = 10.623 KB
[13:32:21.843][info] [#0:script/workspace/loading.lua:101]: Preload file at: file:///home/shaun/.local/share/nvim/lazy/lazy.nvim/tests/handlers/keys_spec.lua , size = 0.478 KB
[13:32:21.943][info] [#0:script/workspace/loading.lua:173]: Loaded files takes [1.135] sec: file:///home/shaun/.local/share/nvim/lazy/lazy.nvim
[13:32:21.943][info] [#0:script/workspace/loading.lua:182]: Compile files takes [0.000] sec: file:///home/shaun/.local/share/nvim/lazy/lazy.nvim
[13:32:21.943][info] [#0:script/workspace/loading.lua:183]: Loaded finish:	file:///home/shaun/.local/share/nvim/lazy/lazy.nvim
[13:32:21.944][info] [#0:script/workspace/workspace.lua:379]: Preload finish at:	file:///home/shaun/.local/share/nvim/lazy/lazy.nvim
[13:32:21.955][warn] [#0:script/proto/proto.lua:187]: Method [textDocument/didOpen] takes [1.194]sec. {
  jsonrpc = "2.0",
  method = "textDocument/didOpen",
  params = {
    textDocument = {
      languageId = "lua",
      text = '"***"',
      uri = "file:///home/shaun/.local/share/nvim/lazy/lazy.nvim/lua/lazy/init.lua",
      version = 0
    }
  }
}
[13:32:21.971][info] [#0:script/provider/diagnostic.lua:557]: Diagnostics scope [file:///home/shaun/.local/share/nvim/lazy/lazy.nvim], files count:[133]
[13:32:21.996][warn] [#0:script/proto/proto.lua:187]: Method [textDocument/semanticTokens/full] takes [1.200]sec. {
  id = 8,
  jsonrpc = "2.0",
  method = "textDocument/semanticTokens/full",
  params = {
    textDocument = {
      uri = "file:///home/shaun/.local/share/nvim/lazy/lazy.nvim/lua/lazy/init.lua"
    }
  }
}
[13:32:22.214][info] [#0:script/provider/diagnostic.lua:574]: Diagnostics scope [file:///home/shaun/.local/share/nvim/lazy/lazy.nvim] finished, takes [0.243] sec.
[13:42:20.333][info] [#0:script/service/service.lua:144]: 
========= Medical Examination Report =========
    --------------- Memory ---------------
        Total: 118.950 MB
        # 00 : 118.292 MB
        # 01 : 0.328 MB
        # 02 : 0.052 MB
        # 03 : 0.052 MB
        # 04 : 0.225 MB
    --------------- Coroutine ---------------
        Total:     39
        Running:   0
        Suspended: 0
        Normal:    0
        Dead:      39
    --------------- Cache ---------------
        Total: 1
        Dead:  0
    ---------------  RPC  ---------------
        Holdon:   0
        Waiting:  0
==============================================
[13:47:23.062][info] [#0:script/provider/provider.lua:169]: Server shutdown.
[13:47:23.062][warn] [#0:script/pub/report.lua:25]: Load proto error:	Disconnected!
